2015-04-01 16:43:09  [ main:67 ] - [ ERROR ]  Parse Fatal Error at line 1 column 7: The processing instruction target matching "[xX][mM][lL]" is not allowed.
org.xml.sax.SAXParseException: The processing instruction target matching "[xX][mM][lL]" is not allowed.
	at com.sun.org.apache.xerces.internal.util.ErrorHandlerWrapper.createSAXParseException(ErrorHandlerWrapper.java:195)
	at com.sun.org.apache.xerces.internal.util.ErrorHandlerWrapper.fatalError(ErrorHandlerWrapper.java:174)
	at com.sun.org.apache.xerces.internal.impl.XMLErrorReporter.reportError(XMLErrorReporter.java:388)
	at com.sun.org.apache.xerces.internal.impl.XMLScanner.reportFatalError(XMLScanner.java:1414)
	at com.sun.org.apache.xerces.internal.impl.XMLScanner.scanPIData(XMLScanner.java:701)
	at com.sun.org.apache.xerces.internal.impl.XMLDocumentFragmentScannerImpl.scanPIData(XMLDocumentFragmentScannerImpl.java:1016)
	at com.sun.org.apache.xerces.internal.impl.XMLScanner.scanPI(XMLScanner.java:669)
	at com.sun.org.apache.xerces.internal.impl.XMLDocumentScannerImpl$PrologDriver.next(XMLDocumentScannerImpl.java:954)
	at com.sun.org.apache.xerces.internal.impl.XMLDocumentScannerImpl.next(XMLDocumentScannerImpl.java:648)
	at com.sun.org.apache.xerces.internal.impl.XMLNSDocumentScannerImpl.next(XMLNSDocumentScannerImpl.java:140)
	at com.sun.org.apache.xerces.internal.impl.XMLDocumentFragmentScannerImpl.scanDocument(XMLDocumentFragmentScannerImpl.java:510)
	at com.sun.org.apache.xerces.internal.parsers.XML11Configuration.parse(XML11Configuration.java:807)
	at com.sun.org.apache.xerces.internal.parsers.XML11Configuration.parse(XML11Configuration.java:737)
	at com.sun.org.apache.xerces.internal.parsers.XMLParser.parse(XMLParser.java:107)
	at com.sun.org.apache.xerces.internal.parsers.AbstractSAXParser.parse(AbstractSAXParser.java:1205)
	at com.sun.org.apache.xerces.internal.jaxp.SAXParserImpl$JAXPSAXParser.parse(SAXParserImpl.java:522)
	at org.apache.commons.digester.Digester.parse(Digester.java:1745)
	at org.quartz.xml.JobSchedulingDataProcessor.processFile(JobSchedulingDataProcessor.java:430)
	at org.quartz.xml.JobSchedulingDataProcessor.processFileAndScheduleJobs(JobSchedulingDataProcessor.java:499)
	at org.quartz.xml.JobSchedulingDataProcessor.processFileAndScheduleJobs(JobSchedulingDataProcessor.java:485)
	at org.quartz.plugins.xml.JobInitializationPlugin.processFile(JobInitializationPlugin.java:401)
	at org.quartz.plugins.xml.JobInitializationPlugin.start(JobInitializationPlugin.java:375)
	at org.quartz.core.QuartzScheduler.startPlugins(QuartzScheduler.java:1919)
	at org.quartz.core.QuartzScheduler.start(QuartzScheduler.java:397)
	at org.quartz.impl.StdScheduler.start(StdScheduler.java:147)
	at cn.edu.ahpu.quartz.demo.chap4.Listing_4_3.startScheduler(Listing_4_3.java:26)
	at cn.edu.ahpu.quartz.demo.chap4.Listing_4_3.main(Listing_4_3.java:19)
2015-04-01 16:43:09  [ main:86 ] - [ ERROR ]  Error scheduling jobs: The processing instruction target matching "[xX][mM][lL]" is not allowed.
org.xml.sax.SAXParseException: The processing instruction target matching "[xX][mM][lL]" is not allowed.
	at com.sun.org.apache.xerces.internal.parsers.AbstractSAXParser.parse(AbstractSAXParser.java:1231)
	at com.sun.org.apache.xerces.internal.jaxp.SAXParserImpl$JAXPSAXParser.parse(SAXParserImpl.java:522)
	at org.apache.commons.digester.Digester.parse(Digester.java:1745)
	at org.quartz.xml.JobSchedulingDataProcessor.processFile(JobSchedulingDataProcessor.java:430)
	at org.quartz.xml.JobSchedulingDataProcessor.processFileAndScheduleJobs(JobSchedulingDataProcessor.java:499)
	at org.quartz.xml.JobSchedulingDataProcessor.processFileAndScheduleJobs(JobSchedulingDataProcessor.java:485)
	at org.quartz.plugins.xml.JobInitializationPlugin.processFile(JobInitializationPlugin.java:401)
	at org.quartz.plugins.xml.JobInitializationPlugin.start(JobInitializationPlugin.java:375)
	at org.quartz.core.QuartzScheduler.startPlugins(QuartzScheduler.java:1919)
	at org.quartz.core.QuartzScheduler.start(QuartzScheduler.java:397)
	at org.quartz.impl.StdScheduler.start(StdScheduler.java:147)
	at cn.edu.ahpu.quartz.demo.chap4.Listing_4_3.startScheduler(Listing_4_3.java:26)
	at cn.edu.ahpu.quartz.demo.chap4.Listing_4_3.main(Listing_4_3.java:19)
2015-04-01 16:44:26  [ main:66 ] - [ ERROR ]  Parse Fatal Error at line 1 column 7: The processing instruction target matching "[xX][mM][lL]" is not allowed.
org.xml.sax.SAXParseException: The processing instruction target matching "[xX][mM][lL]" is not allowed.
	at com.sun.org.apache.xerces.internal.util.ErrorHandlerWrapper.createSAXParseException(ErrorHandlerWrapper.java:195)
	at com.sun.org.apache.xerces.internal.util.ErrorHandlerWrapper.fatalError(ErrorHandlerWrapper.java:174)
	at com.sun.org.apache.xerces.internal.impl.XMLErrorReporter.reportError(XMLErrorReporter.java:388)
	at com.sun.org.apache.xerces.internal.impl.XMLScanner.reportFatalError(XMLScanner.java:1414)
	at com.sun.org.apache.xerces.internal.impl.XMLScanner.scanPIData(XMLScanner.java:701)
	at com.sun.org.apache.xerces.internal.impl.XMLDocumentFragmentScannerImpl.scanPIData(XMLDocumentFragmentScannerImpl.java:1016)
	at com.sun.org.apache.xerces.internal.impl.XMLScanner.scanPI(XMLScanner.java:669)
	at com.sun.org.apache.xerces.internal.impl.XMLDocumentScannerImpl$PrologDriver.next(XMLDocumentScannerImpl.java:954)
	at com.sun.org.apache.xerces.internal.impl.XMLDocumentScannerImpl.next(XMLDocumentScannerImpl.java:648)
	at com.sun.org.apache.xerces.internal.impl.XMLNSDocumentScannerImpl.next(XMLNSDocumentScannerImpl.java:140)
	at com.sun.org.apache.xerces.internal.impl.XMLDocumentFragmentScannerImpl.scanDocument(XMLDocumentFragmentScannerImpl.java:510)
	at com.sun.org.apache.xerces.internal.parsers.XML11Configuration.parse(XML11Configuration.java:807)
	at com.sun.org.apache.xerces.internal.parsers.XML11Configuration.parse(XML11Configuration.java:737)
	at com.sun.org.apache.xerces.internal.parsers.XMLParser.parse(XMLParser.java:107)
	at com.sun.org.apache.xerces.internal.parsers.AbstractSAXParser.parse(AbstractSAXParser.java:1205)
	at com.sun.org.apache.xerces.internal.jaxp.SAXParserImpl$JAXPSAXParser.parse(SAXParserImpl.java:522)
	at org.apache.commons.digester.Digester.parse(Digester.java:1745)
	at org.quartz.xml.JobSchedulingDataProcessor.processFile(JobSchedulingDataProcessor.java:430)
	at org.quartz.xml.JobSchedulingDataProcessor.processFileAndScheduleJobs(JobSchedulingDataProcessor.java:499)
	at org.quartz.xml.JobSchedulingDataProcessor.processFileAndScheduleJobs(JobSchedulingDataProcessor.java:485)
	at org.quartz.plugins.xml.JobInitializationPlugin.processFile(JobInitializationPlugin.java:401)
	at org.quartz.plugins.xml.JobInitializationPlugin.start(JobInitializationPlugin.java:375)
	at org.quartz.core.QuartzScheduler.startPlugins(QuartzScheduler.java:1919)
	at org.quartz.core.QuartzScheduler.start(QuartzScheduler.java:397)
	at org.quartz.impl.StdScheduler.start(StdScheduler.java:147)
	at cn.edu.ahpu.quartz.demo.chap4.Listing_4_3.startScheduler(Listing_4_3.java:26)
	at cn.edu.ahpu.quartz.demo.chap4.Listing_4_3.main(Listing_4_3.java:19)
2015-04-01 16:44:26  [ main:70 ] - [ ERROR ]  Error scheduling jobs: The processing instruction target matching "[xX][mM][lL]" is not allowed.
org.xml.sax.SAXParseException: The processing instruction target matching "[xX][mM][lL]" is not allowed.
	at com.sun.org.apache.xerces.internal.parsers.AbstractSAXParser.parse(AbstractSAXParser.java:1231)
	at com.sun.org.apache.xerces.internal.jaxp.SAXParserImpl$JAXPSAXParser.parse(SAXParserImpl.java:522)
	at org.apache.commons.digester.Digester.parse(Digester.java:1745)
	at org.quartz.xml.JobSchedulingDataProcessor.processFile(JobSchedulingDataProcessor.java:430)
	at org.quartz.xml.JobSchedulingDataProcessor.processFileAndScheduleJobs(JobSchedulingDataProcessor.java:499)
	at org.quartz.xml.JobSchedulingDataProcessor.processFileAndScheduleJobs(JobSchedulingDataProcessor.java:485)
	at org.quartz.plugins.xml.JobInitializationPlugin.processFile(JobInitializationPlugin.java:401)
	at org.quartz.plugins.xml.JobInitializationPlugin.start(JobInitializationPlugin.java:375)
	at org.quartz.core.QuartzScheduler.startPlugins(QuartzScheduler.java:1919)
	at org.quartz.core.QuartzScheduler.start(QuartzScheduler.java:397)
	at org.quartz.impl.StdScheduler.start(StdScheduler.java:147)
	at cn.edu.ahpu.quartz.demo.chap4.Listing_4_3.startScheduler(Listing_4_3.java:26)
	at cn.edu.ahpu.quartz.demo.chap4.Listing_4_3.main(Listing_4_3.java:19)
2015-04-01 16:45:36  [ main:65 ] - [ ERROR ]  Parse Fatal Error at line 1 column 7: The processing instruction target matching "[xX][mM][lL]" is not allowed.
org.xml.sax.SAXParseException: The processing instruction target matching "[xX][mM][lL]" is not allowed.
	at com.sun.org.apache.xerces.internal.util.ErrorHandlerWrapper.createSAXParseException(ErrorHandlerWrapper.java:195)
	at com.sun.org.apache.xerces.internal.util.ErrorHandlerWrapper.fatalError(ErrorHandlerWrapper.java:174)
	at com.sun.org.apache.xerces.internal.impl.XMLErrorReporter.reportError(XMLErrorReporter.java:388)
	at com.sun.org.apache.xerces.internal.impl.XMLScanner.reportFatalError(XMLScanner.java:1414)
	at com.sun.org.apache.xerces.internal.impl.XMLScanner.scanPIData(XMLScanner.java:701)
	at com.sun.org.apache.xerces.internal.impl.XMLDocumentFragmentScannerImpl.scanPIData(XMLDocumentFragmentScannerImpl.java:1016)
	at com.sun.org.apache.xerces.internal.impl.XMLScanner.scanPI(XMLScanner.java:669)
	at com.sun.org.apache.xerces.internal.impl.XMLDocumentScannerImpl$PrologDriver.next(XMLDocumentScannerImpl.java:954)
	at com.sun.org.apache.xerces.internal.impl.XMLDocumentScannerImpl.next(XMLDocumentScannerImpl.java:648)
	at com.sun.org.apache.xerces.internal.impl.XMLNSDocumentScannerImpl.next(XMLNSDocumentScannerImpl.java:140)
	at com.sun.org.apache.xerces.internal.impl.XMLDocumentFragmentScannerImpl.scanDocument(XMLDocumentFragmentScannerImpl.java:510)
	at com.sun.org.apache.xerces.internal.parsers.XML11Configuration.parse(XML11Configuration.java:807)
	at com.sun.org.apache.xerces.internal.parsers.XML11Configuration.parse(XML11Configuration.java:737)
	at com.sun.org.apache.xerces.internal.parsers.XMLParser.parse(XMLParser.java:107)
	at com.sun.org.apache.xerces.internal.parsers.AbstractSAXParser.parse(AbstractSAXParser.java:1205)
	at com.sun.org.apache.xerces.internal.jaxp.SAXParserImpl$JAXPSAXParser.parse(SAXParserImpl.java:522)
	at org.apache.commons.digester.Digester.parse(Digester.java:1745)
	at org.quartz.xml.JobSchedulingDataProcessor.processFile(JobSchedulingDataProcessor.java:430)
	at org.quartz.xml.JobSchedulingDataProcessor.processFileAndScheduleJobs(JobSchedulingDataProcessor.java:499)
	at org.quartz.xml.JobSchedulingDataProcessor.processFileAndScheduleJobs(JobSchedulingDataProcessor.java:485)
	at org.quartz.plugins.xml.JobInitializationPlugin.processFile(JobInitializationPlugin.java:401)
	at org.quartz.plugins.xml.JobInitializationPlugin.start(JobInitializationPlugin.java:375)
	at org.quartz.core.QuartzScheduler.startPlugins(QuartzScheduler.java:1919)
	at org.quartz.core.QuartzScheduler.start(QuartzScheduler.java:397)
	at org.quartz.impl.StdScheduler.start(StdScheduler.java:147)
	at cn.edu.ahpu.quartz.demo.chap4.Listing_4_3.startScheduler(Listing_4_3.java:26)
	at cn.edu.ahpu.quartz.demo.chap4.Listing_4_3.main(Listing_4_3.java:19)
2015-04-01 16:45:36  [ main:69 ] - [ ERROR ]  Error scheduling jobs: The processing instruction target matching "[xX][mM][lL]" is not allowed.
org.xml.sax.SAXParseException: The processing instruction target matching "[xX][mM][lL]" is not allowed.
	at com.sun.org.apache.xerces.internal.parsers.AbstractSAXParser.parse(AbstractSAXParser.java:1231)
	at com.sun.org.apache.xerces.internal.jaxp.SAXParserImpl$JAXPSAXParser.parse(SAXParserImpl.java:522)
	at org.apache.commons.digester.Digester.parse(Digester.java:1745)
	at org.quartz.xml.JobSchedulingDataProcessor.processFile(JobSchedulingDataProcessor.java:430)
	at org.quartz.xml.JobSchedulingDataProcessor.processFileAndScheduleJobs(JobSchedulingDataProcessor.java:499)
	at org.quartz.xml.JobSchedulingDataProcessor.processFileAndScheduleJobs(JobSchedulingDataProcessor.java:485)
	at org.quartz.plugins.xml.JobInitializationPlugin.processFile(JobInitializationPlugin.java:401)
	at org.quartz.plugins.xml.JobInitializationPlugin.start(JobInitializationPlugin.java:375)
	at org.quartz.core.QuartzScheduler.startPlugins(QuartzScheduler.java:1919)
	at org.quartz.core.QuartzScheduler.start(QuartzScheduler.java:397)
	at org.quartz.impl.StdScheduler.start(StdScheduler.java:147)
	at cn.edu.ahpu.quartz.demo.chap4.Listing_4_3.startScheduler(Listing_4_3.java:26)
	at cn.edu.ahpu.quartz.demo.chap4.Listing_4_3.main(Listing_4_3.java:19)
